<?xml version="1.0" encoding="UTF-8"?>
<testsuite xmlns:xsi="http://www.w3.org/2001/XMLSchema-instance" xsi:noNamespaceSchemaLocation="https://maven.apache.org/surefire/maven-surefire-plugin/xsd/surefire-test-report-3.0.xsd" version="3.0" name="TestSuite" time="26.286" tests="15" errors="0" skipped="0" failures="1">
  <properties>
    <property name="sun.desktop" value="windows"/>
    <property name="awt.toolkit" value="sun.awt.windows.WToolkit"/>
    <property name="file.encoding.pkg" value="sun.io"/>
    <property name="java.specification.version" value="1.8"/>
    <property name="sun.cpu.isalist" value="amd64"/>
    <property name="sun.jnu.encoding" value="Cp1252"/>
    <property name="java.class.path" value="C:\Users\Khaled M Farh\IdeaProjects\Flink-Test-Automation-Framework\Flink-Test-Automation-Framework\target\test-classes;C:\Users\Khaled M Farh\IdeaProjects\Flink-Test-Automation-Framework\Flink-Test-Automation-Framework\target\classes;C:\Users\Khaled M Farh\.m2\repository\io\github\bonigarcia\webdrivermanager\5.0.3\webdrivermanager-5.0.3.jar;C:\Users\Khaled M Farh\.m2\repository\com\google\code\gson\gson\2.8.8\gson-2.8.8.jar;C:\Users\Khaled M Farh\.m2\repository\org\jsoup\jsoup\1.14.2\jsoup-1.14.2.jar;C:\Users\Khaled M Farh\.m2\repository\com\github\docker-java\docker-java\3.2.12\docker-java-3.2.12.jar;C:\Users\Khaled M Farh\.m2\repository\com\github\docker-java\docker-java-core\3.2.12\docker-java-core-3.2.12.jar;C:\Users\Khaled M Farh\.m2\repository\com\github\docker-java\docker-java-api\3.2.12\docker-java-api-3.2.12.jar;C:\Users\Khaled M Farh\.m2\repository\com\fasterxml\jackson\core\jackson-annotations\2.10.3\jackson-annotations-2.10.3.jar;C:\Users\Khaled M Farh\.m2\repository\commons-io\commons-io\2.6\commons-io-2.6.jar;C:\Users\Khaled M Farh\.m2\repository\org\apache\commons\commons-compress\1.21\commons-compress-1.21.jar;C:\Users\Khaled M Farh\.m2\repository\commons-lang\commons-lang\2.6\commons-lang-2.6.jar;C:\Users\Khaled M Farh\.m2\repository\com\fasterxml\jackson\core\jackson-databind\2.10.3\jackson-databind-2.10.3.jar;C:\Users\Khaled M Farh\.m2\repository\com\fasterxml\jackson\core\jackson-core\2.10.3\jackson-core-2.10.3.jar;C:\Users\Khaled M Farh\.m2\repository\org\bouncycastle\bcpkix-jdk15on\1.64\bcpkix-jdk15on-1.64.jar;C:\Users\Khaled M Farh\.m2\repository\org\bouncycastle\bcprov-jdk15on\1.64\bcprov-jdk15on-1.64.jar;C:\Users\Khaled M Farh\.m2\repository\org\slf4j\jcl-over-slf4j\1.7.30\jcl-over-slf4j-1.7.30.jar;C:\Users\Khaled M Farh\.m2\repository\com\github\docker-java\docker-java-transport-httpclient5\3.2.12\docker-java-transport-httpclient5-3.2.12.jar;C:\Users\Khaled M Farh\.m2\repository\com\github\docker-java\docker-java-transport\3.2.12\docker-java-transport-3.2.12.jar;C:\Users\Khaled M Farh\.m2\repository\org\apache\httpcomponents\client5\httpclient5\5.0.3\httpclient5-5.0.3.jar;C:\Users\Khaled M Farh\.m2\repository\org\apache\httpcomponents\core5\httpcore5\5.0.2\httpcore5-5.0.2.jar;C:\Users\Khaled M Farh\.m2\repository\net\java\dev\jna\jna\5.8.0\jna-5.8.0.jar;C:\Users\Khaled M Farh\.m2\repository\com\google\guava\guava\30.1.1-jre\guava-30.1.1-jre.jar;C:\Users\Khaled M Farh\.m2\repository\com\google\guava\failureaccess\1.0.1\failureaccess-1.0.1.jar;C:\Users\Khaled M Farh\.m2\repository\com\google\guava\listenablefuture\9999.0-empty-to-avoid-conflict-with-guava\listenablefuture-9999.0-empty-to-avoid-conflict-with-guava.jar;C:\Users\Khaled M Farh\.m2\repository\com\google\code\findbugs\jsr305\3.0.2\jsr305-3.0.2.jar;C:\Users\Khaled M Farh\.m2\repository\org\checkerframework\checker-qual\3.8.0\checker-qual-3.8.0.jar;C:\Users\Khaled M Farh\.m2\repository\com\google\errorprone\error_prone_annotations\2.5.1\error_prone_annotations-2.5.1.jar;C:\Users\Khaled M Farh\.m2\repository\com\google\j2objc\j2objc-annotations\1.3\j2objc-annotations-1.3.jar;C:\Users\Khaled M Farh\.m2\repository\org\brotli\dec\0.1.2\dec-0.1.2.jar;C:\Users\Khaled M Farh\.m2\repository\org\seleniumhq\selenium\selenium-api\4.0.0\selenium-api-4.0.0.jar;C:\Users\Khaled M Farh\.m2\repository\org\seleniumhq\selenium\selenium-chrome-driver\4.0.0\selenium-chrome-driver-4.0.0.jar;C:\Users\Khaled M Farh\.m2\repository\com\google\auto\service\auto-service-annotations\1.0\auto-service-annotations-1.0.jar;C:\Users\Khaled M Farh\.m2\repository\com\google\auto\service\auto-service\1.0\auto-service-1.0.jar;C:\Users\Khaled M Farh\.m2\repository\com\google\auto\auto-common\1.0\auto-common-1.0.jar;C:\Users\Khaled M Farh\.m2\repository\org\seleniumhq\selenium\selenium-chromium-driver\4.0.0\selenium-chromium-driver-4.0.0.jar;C:\Users\Khaled M Farh\.m2\repository\org\seleniumhq\selenium\selenium-devtools-v94\4.0.0\selenium-devtools-v94-4.0.0.jar;C:\Users\Khaled M Farh\.m2\repository\org\seleniumhq\selenium\selenium-http\4.0.0\selenium-http-4.0.0.jar;C:\Users\Khaled M Farh\.m2\repository\org\seleniumhq\selenium\selenium-java\4.0.0\selenium-java-4.0.0.jar;C:\Users\Khaled M Farh\.m2\repository\org\seleniumhq\selenium\selenium-devtools-v85\4.0.0\selenium-devtools-v85-4.0.0.jar;C:\Users\Khaled M Farh\.m2\repository\org\seleniumhq\selenium\selenium-devtools-v93\4.0.0\selenium-devtools-v93-4.0.0.jar;C:\Users\Khaled M Farh\.m2\repository\org\seleniumhq\selenium\selenium-devtools-v95\4.0.0\selenium-devtools-v95-4.0.0.jar;C:\Users\Khaled M Farh\.m2\repository\org\seleniumhq\selenium\selenium-edge-driver\4.0.0\selenium-edge-driver-4.0.0.jar;C:\Users\Khaled M Farh\.m2\repository\org\seleniumhq\selenium\selenium-firefox-driver\4.0.0\selenium-firefox-driver-4.0.0.jar;C:\Users\Khaled M Farh\.m2\repository\org\seleniumhq\selenium\selenium-firefox-xpi-driver\4.0.0\selenium-firefox-xpi-driver-4.0.0.jar;C:\Users\Khaled M Farh\.m2\repository\org\seleniumhq\selenium\selenium-ie-driver\4.0.0\selenium-ie-driver-4.0.0.jar;C:\Users\Khaled M Farh\.m2\repository\org\seleniumhq\selenium\selenium-opera-driver\4.0.0\selenium-opera-driver-4.0.0.jar;C:\Users\Khaled M Farh\.m2\repository\org\seleniumhq\selenium\selenium-safari-driver\4.0.0\selenium-safari-driver-4.0.0.jar;C:\Users\Khaled M Farh\.m2\repository\org\seleniumhq\selenium\selenium-json\4.0.0\selenium-json-4.0.0.jar;C:\Users\Khaled M Farh\.m2\repository\org\seleniumhq\selenium\selenium-remote-driver\4.0.0\selenium-remote-driver-4.0.0.jar;C:\Users\Khaled M Farh\.m2\repository\com\beust\jcommander\1.81\jcommander-1.81.jar;C:\Users\Khaled M Farh\.m2\repository\io\netty\netty-buffer\4.1.68.Final\netty-buffer-4.1.68.Final.jar;C:\Users\Khaled M Farh\.m2\repository\io\netty\netty-codec-http\4.1.67.Final\netty-codec-http-4.1.67.Final.jar;C:\Users\Khaled M Farh\.m2\repository\io\netty\netty-codec\4.1.67.Final\netty-codec-4.1.67.Final.jar;C:\Users\Khaled M Farh\.m2\repository\io\netty\netty-handler\4.1.67.Final\netty-handler-4.1.67.Final.jar;C:\Users\Khaled M Farh\.m2\repository\io\netty\netty-common\4.1.68.Final\netty-common-4.1.68.Final.jar;C:\Users\Khaled M Farh\.m2\repository\io\netty\netty-transport-native-epoll\4.1.67.Final\netty-transport-native-epoll-4.1.67.Final.jar;C:\Users\Khaled M Farh\.m2\repository\io\netty\netty-transport-native-kqueue\4.1.67.Final\netty-transport-native-kqueue-4.1.67.Final.jar;C:\Users\Khaled M Farh\.m2\repository\io\netty\netty-transport-native-unix-common\4.1.67.Final\netty-transport-native-unix-common-4.1.67.Final.jar;C:\Users\Khaled M Farh\.m2\repository\io\netty\netty-transport\4.1.68.Final\netty-transport-4.1.68.Final.jar;C:\Users\Khaled M Farh\.m2\repository\io\netty\netty-resolver\4.1.68.Final\netty-resolver-4.1.68.Final.jar;C:\Users\Khaled M Farh\.m2\repository\io\opentelemetry\opentelemetry-api\1.6.0\opentelemetry-api-1.6.0.jar;C:\Users\Khaled M Farh\.m2\repository\io\opentelemetry\opentelemetry-context\1.6.0\opentelemetry-context-1.6.0.jar;C:\Users\Khaled M Farh\.m2\repository\io\opentelemetry\opentelemetry-exporter-logging\1.6.0\opentelemetry-exporter-logging-1.6.0.jar;C:\Users\Khaled M Farh\.m2\repository\io\opentelemetry\opentelemetry-sdk-metrics\1.6.0-alpha\opentelemetry-sdk-metrics-1.6.0-alpha.jar;C:\Users\Khaled M Farh\.m2\repository\io\opentelemetry\opentelemetry-sdk-common\1.6.0\opentelemetry-sdk-common-1.6.0.jar;C:\Users\Khaled M Farh\.m2\repository\io\opentelemetry\opentelemetry-sdk-extension-autoconfigure-spi\1.6.0\opentelemetry-sdk-extension-autoconfigure-spi-1.6.0.jar;C:\Users\Khaled M Farh\.m2\repository\io\opentelemetry\opentelemetry-sdk-extension-autoconfigure\1.6.0-alpha\opentelemetry-sdk-extension-autoconfigure-1.6.0-alpha.jar;C:\Users\Khaled M Farh\.m2\repository\io\opentelemetry\opentelemetry-sdk-trace\1.6.0\opentelemetry-sdk-trace-1.6.0.jar;C:\Users\Khaled M Farh\.m2\repository\io\opentelemetry\opentelemetry-api-metrics\1.6.0-alpha\opentelemetry-api-metrics-1.6.0-alpha.jar;C:\Users\Khaled M Farh\.m2\repository\io\opentelemetry\opentelemetry-sdk\1.6.0\opentelemetry-sdk-1.6.0.jar;C:\Users\Khaled M Farh\.m2\repository\io\opentelemetry\opentelemetry-semconv\1.6.0-alpha\opentelemetry-semconv-1.6.0-alpha.jar;C:\Users\Khaled M Farh\.m2\repository\io\ous\jtoml\2.0.0\jtoml-2.0.0.jar;C:\Users\Khaled M Farh\.m2\repository\net\bytebuddy\byte-buddy\1.11.19\byte-buddy-1.11.19.jar;C:\Users\Khaled M Farh\.m2\repository\org\apache\commons\commons-exec\1.3\commons-exec-1.3.jar;C:\Users\Khaled M Farh\.m2\repository\org\asynchttpclient\async-http-client\2.12.3\async-http-client-2.12.3.jar;C:\Users\Khaled M Farh\.m2\repository\org\asynchttpclient\async-http-client-netty-utils\2.12.3\async-http-client-netty-utils-2.12.3.jar;C:\Users\Khaled M Farh\.m2\repository\io\netty\netty-codec-socks\4.1.60.Final\netty-codec-socks-4.1.60.Final.jar;C:\Users\Khaled M Farh\.m2\repository\io\netty\netty-handler-proxy\4.1.60.Final\netty-handler-proxy-4.1.60.Final.jar;C:\Users\Khaled M Farh\.m2\repository\io\netty\netty-transport-native-epoll\4.1.60.Final\netty-transport-native-epoll-4.1.60.Final-linux-x86_64.jar;C:\Users\Khaled M Farh\.m2\repository\io\netty\netty-transport-native-kqueue\4.1.60.Final\netty-transport-native-kqueue-4.1.60.Final-osx-x86_64.jar;C:\Users\Khaled M Farh\.m2\repository\org\reactivestreams\reactive-streams\1.0.3\reactive-streams-1.0.3.jar;C:\Users\Khaled M Farh\.m2\repository\com\typesafe\netty\netty-reactive-streams\2.0.4\netty-reactive-streams-2.0.4.jar;C:\Users\Khaled M Farh\.m2\repository\com\sun\activation\jakarta.activation\1.2.2\jakarta.activation-1.2.2.jar;C:\Users\Khaled M Farh\.m2\repository\org\seleniumhq\selenium\selenium-support\4.0.0\selenium-support-4.0.0.jar;C:\Users\Khaled M Farh\.m2\repository\com\googlecode\json-simple\json-simple\1.1.1\json-simple-1.1.1.jar;C:\Users\Khaled M Farh\.m2\repository\junit\junit\4.10\junit-4.10.jar;C:\Users\Khaled M Farh\.m2\repository\org\hamcrest\hamcrest-core\1.1\hamcrest-core-1.1.jar;C:\Users\Khaled M Farh\.m2\repository\org\apache\logging\log4j\log4j-api\2.14.1\log4j-api-2.14.1.jar;C:\Users\Khaled M Farh\.m2\repository\org\apache\logging\log4j\log4j-core\2.14.1\log4j-core-2.14.1.jar;C:\Users\Khaled M Farh\.m2\repository\org\testng\testng\7.4.0\testng-7.4.0.jar;C:\Users\Khaled M Farh\.m2\repository\org\webjars\jquery\3.5.1\jquery-3.5.1.jar;C:\Users\Khaled M Farh\.m2\repository\org\apache\httpcomponents\httpclient\4.5.13\httpclient-4.5.13.jar;C:\Users\Khaled M Farh\.m2\repository\org\apache\httpcomponents\httpcore\4.4.13\httpcore-4.4.13.jar;C:\Users\Khaled M Farh\.m2\repository\commons-logging\commons-logging\1.2\commons-logging-1.2.jar;C:\Users\Khaled M Farh\.m2\repository\commons-codec\commons-codec\1.11\commons-codec-1.11.jar;C:\Users\Khaled M Farh\.m2\repository\org\apache\logging\log4j\log4j-to-slf4j\2.14.1\log4j-to-slf4j-2.14.1.jar;C:\Users\Khaled M Farh\.m2\repository\org\slf4j\slf4j-api\1.7.5\slf4j-api-1.7.5.jar;C:\Users\Khaled M Farh\.m2\repository\org\slf4j\slf4j-simple\1.6.4\slf4j-simple-1.6.4.jar;"/>
    <property name="java.vm.vendor" value="Oracle Corporation"/>
    <property name="sun.arch.data.model" value="64"/>
    <property name="user.variant" value=""/>
    <property name="java.vendor.url" value="http://java.oracle.com/"/>
    <property name="user.timezone" value="Africa/Cairo"/>
    <property name="java.vm.specification.version" value="1.8"/>
    <property name="os.name" value="Windows 10"/>
    <property name="user.country" value="US"/>
    <property name="sun.java.launcher" value="SUN_STANDARD"/>
    <property name="sun.boot.library.path" value="C:\Program Files\Java\jdk1.8.0_291\jre\bin"/>
    <property name="sun.java.command" value="C:\Users\Khaled M Farh\AppData\Local\Temp\surefire898325725156805862\surefirebooter494916767887784192.jar C:\Users\Khaled M Farh\AppData\Local\Temp\surefire898325725156805862 2021-11-21T19-40-55_947-jvmRun1 surefire8749137672210291199tmp surefire_04639487547653545856tmp"/>
    <property name="surefire.test.class.path" value="C:\Users\Khaled M Farh\IdeaProjects\Flink-Test-Automation-Framework\Flink-Test-Automation-Framework\target\test-classes;C:\Users\Khaled M Farh\IdeaProjects\Flink-Test-Automation-Framework\Flink-Test-Automation-Framework\target\classes;C:\Users\Khaled M Farh\.m2\repository\io\github\bonigarcia\webdrivermanager\5.0.3\webdrivermanager-5.0.3.jar;C:\Users\Khaled M Farh\.m2\repository\com\google\code\gson\gson\2.8.8\gson-2.8.8.jar;C:\Users\Khaled M Farh\.m2\repository\org\jsoup\jsoup\1.14.2\jsoup-1.14.2.jar;C:\Users\Khaled M Farh\.m2\repository\com\github\docker-java\docker-java\3.2.12\docker-java-3.2.12.jar;C:\Users\Khaled M Farh\.m2\repository\com\github\docker-java\docker-java-core\3.2.12\docker-java-core-3.2.12.jar;C:\Users\Khaled M Farh\.m2\repository\com\github\docker-java\docker-java-api\3.2.12\docker-java-api-3.2.12.jar;C:\Users\Khaled M Farh\.m2\repository\com\fasterxml\jackson\core\jackson-annotations\2.10.3\jackson-annotations-2.10.3.jar;C:\Users\Khaled M Farh\.m2\repository\commons-io\commons-io\2.6\commons-io-2.6.jar;C:\Users\Khaled M Farh\.m2\repository\org\apache\commons\commons-compress\1.21\commons-compress-1.21.jar;C:\Users\Khaled M Farh\.m2\repository\commons-lang\commons-lang\2.6\commons-lang-2.6.jar;C:\Users\Khaled M Farh\.m2\repository\com\fasterxml\jackson\core\jackson-databind\2.10.3\jackson-databind-2.10.3.jar;C:\Users\Khaled M Farh\.m2\repository\com\fasterxml\jackson\core\jackson-core\2.10.3\jackson-core-2.10.3.jar;C:\Users\Khaled M Farh\.m2\repository\org\bouncycastle\bcpkix-jdk15on\1.64\bcpkix-jdk15on-1.64.jar;C:\Users\Khaled M Farh\.m2\repository\org\bouncycastle\bcprov-jdk15on\1.64\bcprov-jdk15on-1.64.jar;C:\Users\Khaled M Farh\.m2\repository\org\slf4j\jcl-over-slf4j\1.7.30\jcl-over-slf4j-1.7.30.jar;C:\Users\Khaled M Farh\.m2\repository\com\github\docker-java\docker-java-transport-httpclient5\3.2.12\docker-java-transport-httpclient5-3.2.12.jar;C:\Users\Khaled M Farh\.m2\repository\com\github\docker-java\docker-java-transport\3.2.12\docker-java-transport-3.2.12.jar;C:\Users\Khaled M Farh\.m2\repository\org\apache\httpcomponents\client5\httpclient5\5.0.3\httpclient5-5.0.3.jar;C:\Users\Khaled M Farh\.m2\repository\org\apache\httpcomponents\core5\httpcore5\5.0.2\httpcore5-5.0.2.jar;C:\Users\Khaled M Farh\.m2\repository\net\java\dev\jna\jna\5.8.0\jna-5.8.0.jar;C:\Users\Khaled M Farh\.m2\repository\com\google\guava\guava\30.1.1-jre\guava-30.1.1-jre.jar;C:\Users\Khaled M Farh\.m2\repository\com\google\guava\failureaccess\1.0.1\failureaccess-1.0.1.jar;C:\Users\Khaled M Farh\.m2\repository\com\google\guava\listenablefuture\9999.0-empty-to-avoid-conflict-with-guava\listenablefuture-9999.0-empty-to-avoid-conflict-with-guava.jar;C:\Users\Khaled M Farh\.m2\repository\com\google\code\findbugs\jsr305\3.0.2\jsr305-3.0.2.jar;C:\Users\Khaled M Farh\.m2\repository\org\checkerframework\checker-qual\3.8.0\checker-qual-3.8.0.jar;C:\Users\Khaled M Farh\.m2\repository\com\google\errorprone\error_prone_annotations\2.5.1\error_prone_annotations-2.5.1.jar;C:\Users\Khaled M Farh\.m2\repository\com\google\j2objc\j2objc-annotations\1.3\j2objc-annotations-1.3.jar;C:\Users\Khaled M Farh\.m2\repository\org\brotli\dec\0.1.2\dec-0.1.2.jar;C:\Users\Khaled M Farh\.m2\repository\org\seleniumhq\selenium\selenium-api\4.0.0\selenium-api-4.0.0.jar;C:\Users\Khaled M Farh\.m2\repository\org\seleniumhq\selenium\selenium-chrome-driver\4.0.0\selenium-chrome-driver-4.0.0.jar;C:\Users\Khaled M Farh\.m2\repository\com\google\auto\service\auto-service-annotations\1.0\auto-service-annotations-1.0.jar;C:\Users\Khaled M Farh\.m2\repository\com\google\auto\service\auto-service\1.0\auto-service-1.0.jar;C:\Users\Khaled M Farh\.m2\repository\com\google\auto\auto-common\1.0\auto-common-1.0.jar;C:\Users\Khaled M Farh\.m2\repository\org\seleniumhq\selenium\selenium-chromium-driver\4.0.0\selenium-chromium-driver-4.0.0.jar;C:\Users\Khaled M Farh\.m2\repository\org\seleniumhq\selenium\selenium-devtools-v94\4.0.0\selenium-devtools-v94-4.0.0.jar;C:\Users\Khaled M Farh\.m2\repository\org\seleniumhq\selenium\selenium-http\4.0.0\selenium-http-4.0.0.jar;C:\Users\Khaled M Farh\.m2\repository\org\seleniumhq\selenium\selenium-java\4.0.0\selenium-java-4.0.0.jar;C:\Users\Khaled M Farh\.m2\repository\org\seleniumhq\selenium\selenium-devtools-v85\4.0.0\selenium-devtools-v85-4.0.0.jar;C:\Users\Khaled M Farh\.m2\repository\org\seleniumhq\selenium\selenium-devtools-v93\4.0.0\selenium-devtools-v93-4.0.0.jar;C:\Users\Khaled M Farh\.m2\repository\org\seleniumhq\selenium\selenium-devtools-v95\4.0.0\selenium-devtools-v95-4.0.0.jar;C:\Users\Khaled M Farh\.m2\repository\org\seleniumhq\selenium\selenium-edge-driver\4.0.0\selenium-edge-driver-4.0.0.jar;C:\Users\Khaled M Farh\.m2\repository\org\seleniumhq\selenium\selenium-firefox-driver\4.0.0\selenium-firefox-driver-4.0.0.jar;C:\Users\Khaled M Farh\.m2\repository\org\seleniumhq\selenium\selenium-firefox-xpi-driver\4.0.0\selenium-firefox-xpi-driver-4.0.0.jar;C:\Users\Khaled M Farh\.m2\repository\org\seleniumhq\selenium\selenium-ie-driver\4.0.0\selenium-ie-driver-4.0.0.jar;C:\Users\Khaled M Farh\.m2\repository\org\seleniumhq\selenium\selenium-opera-driver\4.0.0\selenium-opera-driver-4.0.0.jar;C:\Users\Khaled M Farh\.m2\repository\org\seleniumhq\selenium\selenium-safari-driver\4.0.0\selenium-safari-driver-4.0.0.jar;C:\Users\Khaled M Farh\.m2\repository\org\seleniumhq\selenium\selenium-json\4.0.0\selenium-json-4.0.0.jar;C:\Users\Khaled M Farh\.m2\repository\org\seleniumhq\selenium\selenium-remote-driver\4.0.0\selenium-remote-driver-4.0.0.jar;C:\Users\Khaled M Farh\.m2\repository\com\beust\jcommander\1.81\jcommander-1.81.jar;C:\Users\Khaled M Farh\.m2\repository\io\netty\netty-buffer\4.1.68.Final\netty-buffer-4.1.68.Final.jar;C:\Users\Khaled M Farh\.m2\repository\io\netty\netty-codec-http\4.1.67.Final\netty-codec-http-4.1.67.Final.jar;C:\Users\Khaled M Farh\.m2\repository\io\netty\netty-codec\4.1.67.Final\netty-codec-4.1.67.Final.jar;C:\Users\Khaled M Farh\.m2\repository\io\netty\netty-handler\4.1.67.Final\netty-handler-4.1.67.Final.jar;C:\Users\Khaled M Farh\.m2\repository\io\netty\netty-common\4.1.68.Final\netty-common-4.1.68.Final.jar;C:\Users\Khaled M Farh\.m2\repository\io\netty\netty-transport-native-epoll\4.1.67.Final\netty-transport-native-epoll-4.1.67.Final.jar;C:\Users\Khaled M Farh\.m2\repository\io\netty\netty-transport-native-kqueue\4.1.67.Final\netty-transport-native-kqueue-4.1.67.Final.jar;C:\Users\Khaled M Farh\.m2\repository\io\netty\netty-transport-native-unix-common\4.1.67.Final\netty-transport-native-unix-common-4.1.67.Final.jar;C:\Users\Khaled M Farh\.m2\repository\io\netty\netty-transport\4.1.68.Final\netty-transport-4.1.68.Final.jar;C:\Users\Khaled M Farh\.m2\repository\io\netty\netty-resolver\4.1.68.Final\netty-resolver-4.1.68.Final.jar;C:\Users\Khaled M Farh\.m2\repository\io\opentelemetry\opentelemetry-api\1.6.0\opentelemetry-api-1.6.0.jar;C:\Users\Khaled M Farh\.m2\repository\io\opentelemetry\opentelemetry-context\1.6.0\opentelemetry-context-1.6.0.jar;C:\Users\Khaled M Farh\.m2\repository\io\opentelemetry\opentelemetry-exporter-logging\1.6.0\opentelemetry-exporter-logging-1.6.0.jar;C:\Users\Khaled M Farh\.m2\repository\io\opentelemetry\opentelemetry-sdk-metrics\1.6.0-alpha\opentelemetry-sdk-metrics-1.6.0-alpha.jar;C:\Users\Khaled M Farh\.m2\repository\io\opentelemetry\opentelemetry-sdk-common\1.6.0\opentelemetry-sdk-common-1.6.0.jar;C:\Users\Khaled M Farh\.m2\repository\io\opentelemetry\opentelemetry-sdk-extension-autoconfigure-spi\1.6.0\opentelemetry-sdk-extension-autoconfigure-spi-1.6.0.jar;C:\Users\Khaled M Farh\.m2\repository\io\opentelemetry\opentelemetry-sdk-extension-autoconfigure\1.6.0-alpha\opentelemetry-sdk-extension-autoconfigure-1.6.0-alpha.jar;C:\Users\Khaled M Farh\.m2\repository\io\opentelemetry\opentelemetry-sdk-trace\1.6.0\opentelemetry-sdk-trace-1.6.0.jar;C:\Users\Khaled M Farh\.m2\repository\io\opentelemetry\opentelemetry-api-metrics\1.6.0-alpha\opentelemetry-api-metrics-1.6.0-alpha.jar;C:\Users\Khaled M Farh\.m2\repository\io\opentelemetry\opentelemetry-sdk\1.6.0\opentelemetry-sdk-1.6.0.jar;C:\Users\Khaled M Farh\.m2\repository\io\opentelemetry\opentelemetry-semconv\1.6.0-alpha\opentelemetry-semconv-1.6.0-alpha.jar;C:\Users\Khaled M Farh\.m2\repository\io\ous\jtoml\2.0.0\jtoml-2.0.0.jar;C:\Users\Khaled M Farh\.m2\repository\net\bytebuddy\byte-buddy\1.11.19\byte-buddy-1.11.19.jar;C:\Users\Khaled M Farh\.m2\repository\org\apache\commons\commons-exec\1.3\commons-exec-1.3.jar;C:\Users\Khaled M Farh\.m2\repository\org\asynchttpclient\async-http-client\2.12.3\async-http-client-2.12.3.jar;C:\Users\Khaled M Farh\.m2\repository\org\asynchttpclient\async-http-client-netty-utils\2.12.3\async-http-client-netty-utils-2.12.3.jar;C:\Users\Khaled M Farh\.m2\repository\io\netty\netty-codec-socks\4.1.60.Final\netty-codec-socks-4.1.60.Final.jar;C:\Users\Khaled M Farh\.m2\repository\io\netty\netty-handler-proxy\4.1.60.Final\netty-handler-proxy-4.1.60.Final.jar;C:\Users\Khaled M Farh\.m2\repository\io\netty\netty-transport-native-epoll\4.1.60.Final\netty-transport-native-epoll-4.1.60.Final-linux-x86_64.jar;C:\Users\Khaled M Farh\.m2\repository\io\netty\netty-transport-native-kqueue\4.1.60.Final\netty-transport-native-kqueue-4.1.60.Final-osx-x86_64.jar;C:\Users\Khaled M Farh\.m2\repository\org\reactivestreams\reactive-streams\1.0.3\reactive-streams-1.0.3.jar;C:\Users\Khaled M Farh\.m2\repository\com\typesafe\netty\netty-reactive-streams\2.0.4\netty-reactive-streams-2.0.4.jar;C:\Users\Khaled M Farh\.m2\repository\com\sun\activation\jakarta.activation\1.2.2\jakarta.activation-1.2.2.jar;C:\Users\Khaled M Farh\.m2\repository\org\seleniumhq\selenium\selenium-support\4.0.0\selenium-support-4.0.0.jar;C:\Users\Khaled M Farh\.m2\repository\com\googlecode\json-simple\json-simple\1.1.1\json-simple-1.1.1.jar;C:\Users\Khaled M Farh\.m2\repository\junit\junit\4.10\junit-4.10.jar;C:\Users\Khaled M Farh\.m2\repository\org\hamcrest\hamcrest-core\1.1\hamcrest-core-1.1.jar;C:\Users\Khaled M Farh\.m2\repository\org\apache\logging\log4j\log4j-api\2.14.1\log4j-api-2.14.1.jar;C:\Users\Khaled M Farh\.m2\repository\org\apache\logging\log4j\log4j-core\2.14.1\log4j-core-2.14.1.jar;C:\Users\Khaled M Farh\.m2\repository\org\testng\testng\7.4.0\testng-7.4.0.jar;C:\Users\Khaled M Farh\.m2\repository\org\webjars\jquery\3.5.1\jquery-3.5.1.jar;C:\Users\Khaled M Farh\.m2\repository\org\apache\httpcomponents\httpclient\4.5.13\httpclient-4.5.13.jar;C:\Users\Khaled M Farh\.m2\repository\org\apache\httpcomponents\httpcore\4.4.13\httpcore-4.4.13.jar;C:\Users\Khaled M Farh\.m2\repository\commons-logging\commons-logging\1.2\commons-logging-1.2.jar;C:\Users\Khaled M Farh\.m2\repository\commons-codec\commons-codec\1.11\commons-codec-1.11.jar;C:\Users\Khaled M Farh\.m2\repository\org\apache\logging\log4j\log4j-to-slf4j\2.14.1\log4j-to-slf4j-2.14.1.jar;C:\Users\Khaled M Farh\.m2\repository\org\slf4j\slf4j-api\1.7.5\slf4j-api-1.7.5.jar;C:\Users\Khaled M Farh\.m2\repository\org\slf4j\slf4j-simple\1.6.4\slf4j-simple-1.6.4.jar;"/>
    <property name="sun.cpu.endian" value="little"/>
    <property name="user.home" value="C:\Users\Khaled M Farh"/>
    <property name="user.language" value="en"/>
    <property name="java.specification.vendor" value="Oracle Corporation"/>
    <property name="java.home" value="C:\Program Files\Java\jdk1.8.0_291\jre"/>
    <property name="basedir" value="C:\Users\Khaled M Farh\IdeaProjects\Flink-Test-Automation-Framework\Flink-Test-Automation-Framework"/>
    <property name="file.separator" value="\"/>
    <property name="line.separator" value="&#10;"/>
    <property name="java.vm.specification.vendor" value="Oracle Corporation"/>
    <property name="java.specification.name" value="Java Platform API Specification"/>
    <property name="java.awt.graphicsenv" value="sun.awt.Win32GraphicsEnvironment"/>
    <property name="surefire.real.class.path" value="C:\Users\Khaled M Farh\AppData\Local\Temp\surefire898325725156805862\surefirebooter494916767887784192.jar"/>
    <property name="sun.boot.class.path" value="C:\Program Files\Java\jdk1.8.0_291\jre\lib\resources.jar;C:\Program Files\Java\jdk1.8.0_291\jre\lib\rt.jar;C:\Program Files\Java\jdk1.8.0_291\jre\lib\sunrsasign.jar;C:\Program Files\Java\jdk1.8.0_291\jre\lib\jsse.jar;C:\Program Files\Java\jdk1.8.0_291\jre\lib\jce.jar;C:\Program Files\Java\jdk1.8.0_291\jre\lib\charsets.jar;C:\Program Files\Java\jdk1.8.0_291\jre\lib\jfr.jar;C:\Program Files\Java\jdk1.8.0_291\jre\classes"/>
    <property name="user.script" value=""/>
    <property name="sun.management.compiler" value="HotSpot 64-Bit Tiered Compilers"/>
    <property name="java.runtime.version" value="1.8.0_291-b10"/>
    <property name="webdriver.edge.driver" value="C:\Users\Khaled M Farh\.cache\selenium\msedgedriver\win64\96.0.1054.29\msedgedriver.exe"/>
    <property name="user.name" value="Khaled M Farh"/>
    <property name="path.separator" value=";"/>
    <property name="os.version" value="10.0"/>
    <property name="java.endorsed.dirs" value="C:\Program Files\Java\jdk1.8.0_291\jre\lib\endorsed"/>
    <property name="java.runtime.name" value="Java(TM) SE Runtime Environment"/>
    <property name="file.encoding" value="Cp1252"/>
    <property name="sun.nio.ch.bugLevel" value=""/>
    <property name="java.vm.name" value="Java HotSpot(TM) 64-Bit Server VM"/>
    <property name="localRepository" value="C:\Users\Khaled M Farh\.m2\repository"/>
    <property name="java.vendor.url.bug" value="http://bugreport.sun.com/bugreport/"/>
    <property name="java.io.tmpdir" value="C:\Users\KHALED~1\AppData\Local\Temp\"/>
    <property name="idea.version" value="2021.2.3"/>
    <property name="java.version" value="1.8.0_291"/>
    <property name="user.dir" value="C:\Users\Khaled M Farh\IdeaProjects\Flink-Test-Automation-Framework\Flink-Test-Automation-Framework"/>
    <property name="os.arch" value="amd64"/>
    <property name="java.vm.specification.name" value="Java Virtual Machine Specification"/>
    <property name="java.awt.printerjob" value="sun.awt.windows.WPrinterJob"/>
    <property name="sun.os.patch.level" value=""/>
    <property name="java.library.path" value="C:\Program Files\Java\jdk1.8.0_291\jre\bin;C:\Windows\Sun\Java\bin;C:\Windows\system32;C:\Windows;C:\Python310\Scripts\;C:\Python310\;C:\Program Files\Common Files\Oracle\Java\javapath;C:\Program Files (x86)\Common Files\Oracle\Java\javapath;C:\Windows\system32;C:\Windows;C:\Windows\System32\Wbem;C:\Windows\System32\WindowsPowerShell\v1.0\;C:\Windows\System32\OpenSSH\;C:\Program Files\nodejs\;C:\ProgramData\chocolatey\bin;C:\Program Files\Git\cmd;C:\Program Files\Java\jdk-16.0.1\bin;C:\Users\Khaled M Farh\AppData\Local\Microsoft\WindowsApps;;C:\Users\Khaled M Farh\AppData\Local\Programs\Microsoft VS Code\bin;C:\Users\Khaled M Farh\AppData\Roaming\npm;C:\Program Files\JetBrains\IntelliJ IDEA Community Edition 2021.2.3\bin;;."/>
    <property name="java.vm.info" value="mixed mode"/>
    <property name="java.vendor" value="Oracle Corporation"/>
    <property name="java.vm.version" value="25.291-b10"/>
    <property name="java.ext.dirs" value="C:\Program Files\Java\jdk1.8.0_291\jre\lib\ext;C:\Windows\Sun\Java\lib\ext"/>
    <property name="sun.io.unicode.encoding" value="UnicodeLittle"/>
    <property name="java.class.version" value="52.0"/>
  </properties>
  <testcase name="UC01_verify_pageTitle" classname="org.uiframework.weathershoppertests.MoisturizersTests" time="2.61">
    <system-out><![CDATA[...
... TestNG 7.4.0 by Cédric Beust (cedric@beust.com)
...

]]></system-out>
    <system-err><![CDATA[956 [TestNG-tests-3] INFO io.github.bonigarcia.wdm.WebDriverManager - Using msedgedriver 96.0.1054.29 (resolved driver for Edge 96)
969 [TestNG-tests-4] INFO io.github.bonigarcia.wdm.WebDriverManager - Using msedgedriver 96.0.1054.29 (resolved driver for Edge 96)
997 [TestNG-tests-4] INFO io.github.bonigarcia.wdm.WebDriverManager - Exporting webdriver.edge.driver as C:\Users\Khaled M Farh\.cache\selenium\msedgedriver\win64\96.0.1054.29\msedgedriver.exe
1018 [TestNG-tests-1] INFO io.github.bonigarcia.wdm.WebDriverManager - Using msedgedriver 96.0.1054.29 (resolved driver for Edge 96)
1033 [TestNG-tests-1] INFO io.github.bonigarcia.wdm.WebDriverManager - Exporting webdriver.edge.driver as C:\Users\Khaled M Farh\.cache\selenium\msedgedriver\win64\96.0.1054.29\msedgedriver.exe
1033 [TestNG-tests-3] INFO io.github.bonigarcia.wdm.WebDriverManager - Exporting webdriver.edge.driver as C:\Users\Khaled M Farh\.cache\selenium\msedgedriver\win64\96.0.1054.29\msedgedriver.exe
1068 [TestNG-tests-2] INFO io.github.bonigarcia.wdm.WebDriverManager - Using msedgedriver 96.0.1054.29 (resolved driver for Edge 96)
1084 [TestNG-tests-2] INFO io.github.bonigarcia.wdm.WebDriverManager - Exporting webdriver.edge.driver as C:\Users\Khaled M Farh\.cache\selenium\msedgedriver\win64\96.0.1054.29\msedgedriver.exe
Starting MSEdgeDriver 96.0.1054.29 (246a8e9ebf93f8030a2621db729eab9fb19be0a1) on port 56080
Only local connections are allowed.
Please see https://chromedriver.chromium.org/security-considerations for suggestions on keeping MSEdgeDriver safe.
Starting MSEdgeDriver 96.0.1054.29 (246a8e9ebf93f8030a2621db729eab9fb19be0a1) on port 55597
Only local connections are allowed.
Please see https://chromedriver.chromium.org/security-considerations for suggestions on keeping MSEdgeDriver safe.
Starting MSEdgeDriver 96.0.1054.29 (246a8e9ebf93f8030a2621db729eab9fb19be0a1) on port 58447
Only local connections are allowed.
Please see https://chromedriver.chromium.org/security-considerations for suggestions on keeping MSEdgeDriver safe.
Starting MSEdgeDriver 96.0.1054.29 (246a8e9ebf93f8030a2621db729eab9fb19be0a1) on port 49590
Only local connections are allowed.
Please see https://chromedriver.chromium.org/security-considerations for suggestions on keeping MSEdgeDriver safe.
MSEdgeDriver was started successfully.
MSEdgeDriver was started successfully.
MSEdgeDriver was started successfully.
MSEdgeDriver was started successfully.
Nov 21, 2021 7:41:02 PM org.openqa.selenium.remote.ProtocolHandshake createSession
INFO: Detected dialect: W3C
Nov 21, 2021 7:41:02 PM org.openqa.selenium.devtools.CdpVersionFinder findNearestMatch
WARNING: Unable to find an exact match for CDP version 96, so returning the closest version found: 95
Nov 21, 2021 7:41:02 PM org.openqa.selenium.devtools.CdpVersionFinder findNearestMatch
INFO: Found CDP implementation for version 96 of 95
Nov 21, 2021 7:41:06 PM org.openqa.selenium.remote.ProtocolHandshake createSession
INFO: Detected dialect: W3C
Nov 21, 2021 7:41:07 PM org.openqa.selenium.devtools.CdpVersionFinder findNearestMatch
WARNING: Unable to find an exact match for CDP version 96, so returning the closest version found: 95
Nov 21, 2021 7:41:07 PM org.openqa.selenium.devtools.CdpVersionFinder findNearestMatch
INFO: Found CDP implementation for version 96 of 95
Nov 21, 2021 7:41:07 PM org.openqa.selenium.remote.ProtocolHandshake createSession
INFO: Detected dialect: W3C
Nov 21, 2021 7:41:07 PM org.openqa.selenium.devtools.CdpVersionFinder findNearestMatch
WARNING: Unable to find an exact match for CDP version 96, so returning the closest version found: 95
Nov 21, 2021 7:41:07 PM org.openqa.selenium.devtools.CdpVersionFinder findNearestMatch
INFO: Found CDP implementation for version 96 of 95
Nov 21, 2021 7:41:07 PM org.openqa.selenium.remote.ProtocolHandshake createSession
INFO: Detected dialect: W3C
Nov 21, 2021 7:41:07 PM org.openqa.selenium.devtools.CdpVersionFinder findNearestMatch
WARNING: Unable to find an exact match for CDP version 96, so returning the closest version found: 95
Nov 21, 2021 7:41:07 PM org.openqa.selenium.devtools.CdpVersionFinder findNearestMatch
INFO: Found CDP implementation for version 96 of 95
11884 [TestNG-tests-3] INFO Test [TestClass name=class org.uiframework.weathershoppertests.MoisturizersTests] started - Test UC01_verify_pageTitle Success
]]></system-err>
  </testcase>
  <testcase name="UC02_verify_cartButtonIsEnabled" classname="org.uiframework.weathershoppertests.MoisturizersTests" time="0.155">
    <system-err><![CDATA[12063 [TestNG-tests-3] INFO Test [TestClass name=class org.uiframework.weathershoppertests.MoisturizersTests] started - Test UC02_verify_cartButtonIsEnabled Success
]]></system-err>
  </testcase>
  <testcase name="UC03_verify_productImagesNotBroken" classname="org.uiframework.weathershoppertests.MoisturizersTests" time="4.931">
    <system-out><![CDATA[===== Invoked methods
    HomePageTests.UC01_verify_temperatureBoxTitle()[pri:0, instance:org.uiframework.weathershoppertests.HomePageTests@2df32bf7]
    HomePageTests.UC02_verify_temperatureBox_isDisplayed()[pri:0, instance:org.uiframework.weathershoppertests.HomePageTests@2df32bf7]
    HomePageTests.UC03_verify_moisturizersBoxTitle()[pri:0, instance:org.uiframework.weathershoppertests.HomePageTests@2df32bf7]
    HomePageTests.UC04_verify_moisturizersBoxDescription()[pri:0, instance:org.uiframework.weathershoppertests.HomePageTests@2df32bf7]
    HomePageTests.UC05_verify_buyMoisturizers_isEnabled()[pri:0, instance:org.uiframework.weathershoppertests.HomePageTests@2df32bf7]
    HomePageTests.UC06_verify_sunScreensBoxTitle()[pri:0, instance:org.uiframework.weathershoppertests.HomePageTests@2df32bf7]
    HomePageTests.UC07_verify_sunScreensBoxDescription()[pri:0, instance:org.uiframework.weathershoppertests.HomePageTests@2df32bf7]
    HomePageTests.UC08_verify_buySunScreens_isEnabled()[pri:0, instance:org.uiframework.weathershoppertests.HomePageTests@2df32bf7]
=====
PASSED: UC01_verify_temperatureBoxTitle
PASSED: UC08_verify_buySunScreens_isEnabled
PASSED: UC04_verify_moisturizersBoxDescription
PASSED: UC03_verify_moisturizersBoxTitle
PASSED: UC05_verify_buyMoisturizers_isEnabled
PASSED: UC07_verify_sunScreensBoxDescription
PASSED: UC06_verify_sunScreensBoxTitle
PASSED: UC02_verify_temperatureBox_isDisplayed

===============================================
    Home Page Elements Test
    Tests run: 8, Failures: 0, Skips: 0
===============================================

]]></system-out>
    <system-err><![CDATA[Nov 21, 2021 7:41:18 PM org.openqa.selenium.os.OsProcess destroy
SEVERE: Unable to kill process java.lang.ProcessImpl@1aaa7602
21389 [TestNG-tests-3] INFO Test [TestClass name=class org.uiframework.weathershoppertests.SunscreensTests] started - Test UC03_verify_productImagesNotBroken Success
]]></system-err>
  </testcase>
  <testcase name="UC01_verify_temperatureBoxTitle" classname="org.uiframework.weathershoppertests.HomePageTests" time="0.112">
    <system-err><![CDATA[12493 [TestNG-tests-2] INFO Test [TestClass name=class org.uiframework.weathershoppertests.HomePageTests] started - Test UC01_verify_temperatureBoxTitle Success
]]></system-err>
  </testcase>
  <testcase name="UC02_verify_temperatureBox_isDisplayed" classname="org.uiframework.weathershoppertests.HomePageTests" time="0.148">
    <system-err><![CDATA[12642 [TestNG-tests-2] INFO Test [TestClass name=class org.uiframework.weathershoppertests.HomePageTests] started - Test UC02_verify_temperatureBox_isDisplayed Success
]]></system-err>
  </testcase>
  <testcase name="UC03_verify_moisturizersBoxTitle" classname="org.uiframework.weathershoppertests.HomePageTests" time="0.161">
    <system-err><![CDATA[12806 [TestNG-tests-2] INFO Test [TestClass name=class org.uiframework.weathershoppertests.HomePageTests] started - Test UC03_verify_moisturizersBoxTitle Success
]]></system-err>
  </testcase>
  <testcase name="UC04_verify_moisturizersBoxDescription" classname="org.uiframework.weathershoppertests.HomePageTests" time="0.106">
    <system-err><![CDATA[12886 [TestNG-tests-2] INFO Test [TestClass name=class org.uiframework.weathershoppertests.HomePageTests] started - Test UC04_verify_moisturizersBoxDescription Success
]]></system-err>
  </testcase>
  <testcase name="UC05_verify_buyMoisturizers_isEnabled" classname="org.uiframework.weathershoppertests.HomePageTests" time="0.067">
    <system-err><![CDATA[12978 [TestNG-tests-2] INFO Test [TestClass name=class org.uiframework.weathershoppertests.HomePageTests] started - Test UC05_verify_buyMoisturizers_isEnabled Success
]]></system-err>
  </testcase>
  <testcase name="UC06_verify_sunScreensBoxTitle" classname="org.uiframework.weathershoppertests.HomePageTests" time="0.033">
    <system-err><![CDATA[13091 [TestNG-tests-2] INFO Test [TestClass name=class org.uiframework.weathershoppertests.SunscreensTests] started - Test UC06_verify_sunScreensBoxTitle Success
]]></system-err>
  </testcase>
  <testcase name="UC07_verify_sunScreensBoxDescription" classname="org.uiframework.weathershoppertests.HomePageTests" time="0.059">
    <system-err><![CDATA[13150 [TestNG-tests-2] INFO Test [TestClass name=class org.uiframework.weathershoppertests.HomePageTests] started - Test UC07_verify_sunScreensBoxDescription Success
]]></system-err>
  </testcase>
  <testcase name="UC08_verify_buySunScreens_isEnabled" classname="org.uiframework.weathershoppertests.HomePageTests" time="0.061">
    <system-err><![CDATA[13212 [TestNG-tests-2] INFO Test [TestClass name=class org.uiframework.weathershoppertests.HomePageTests] started - Test UC08_verify_buySunScreens_isEnabled Success
]]></system-err>
  </testcase>
  <testcase name="UC01_verify_pageTitle" classname="org.uiframework.weathershoppertests.SunscreensTests" time="1.957">
    <system-err><![CDATA[15709 [TestNG-tests-4] INFO Test [TestClass name=class org.uiframework.weathershoppertests.E2ETests] started - Test UC01_verify_pageTitle Success
]]></system-err>
  </testcase>
  <testcase name="UC02_verify_cartButtonIsEnabled" classname="org.uiframework.weathershoppertests.SunscreensTests" time="0.766">
    <system-err><![CDATA[16476 [TestNG-tests-4] INFO Test [TestClass name=class org.uiframework.weathershoppertests.SunscreensTests] started - Test UC02_verify_cartButtonIsEnabled Success
]]></system-err>
  </testcase>
  <testcase name="UC03_verify_productImagesNotBroken" classname="org.uiframework.weathershoppertests.SunscreensTests" time="6.568">
    <system-err><![CDATA[23047 [TestNG-tests-4] INFO Test [TestClass name=class org.uiframework.weathershoppertests.SunscreensTests] started - Test UC03_verify_productImagesNotBroken Success
]]></system-err>
  </testcase>
  <testcase name="UC01_ShoppingBasedOnTemp" classname="org.uiframework.weathershoppertests.E2ETests" time="0.247">
    <failure message="expected:&lt;[]almond&gt; but was:&lt;[no product with keyword: ]almond&gt;" type="org.junit.ComparisonFailure"><![CDATA[org.junit.ComparisonFailure: expected:<[]almond> but was:<[no product with keyword: ]almond>
	at org.uiframework.weathershoppertests.E2ETests.UC01_ShoppingBasedOnTemp(E2ETests.java:31)
]]></failure>
    <system-err><![CDATA[16714 [TestNG-tests-1] INFO Test [TestClass name=class org.uiframework.weathershoppertests.SunscreensTests] started - Test UC01_ShoppingBasedOnTemp Failed
]]></system-err>
  </testcase>
</testsuite>