<?xml version="1.0" encoding="UTF-8"?>
<!-- Generated by org.testng.reporters.JUnitReportReporter -->
<testsuite skipped="0" hostname="DESKTOP-5J36R0S" name="org.uiframework.weathershoppertests.SunscreensTests" tests="3" failures="0" timestamp="2021-11-21T19:41:23 EET" time="9.986" errors="0">
  <testcase name="UC02_verify_cartButtonIsEnabled" time="0.766" classname="org.uiframework.weathershoppertests.SunscreensTests"/>
  <system-out/>
  <testcase name="UC01_verify_pageTitle" time="2.650" classname="org.uiframework.weathershoppertests.SunscreensTests"/>
  <system-out/>
  <testcase name="UC03_verify_productImagesNotBroken" time="6.570" classname="org.uiframework.weathershoppertests.SunscreensTests"/>
  <system-out/>
</testsuite> <!-- org.uiframework.weathershoppertests.SunscreensTests -->
