<?xml version="1.0" encoding="UTF-8"?>
<!-- Generated by org.testng.reporters.JUnitReportReporter -->
<testsuite skipped="0" hostname="DESKTOP-5J36R0S" name="org.uiframework.weathershoppertests.HomePageTests" tests="8" failures="0" timestamp="2021-11-21T19:41:23 EET" time="0.816" errors="0">
  <testcase name="UC01_verify_temperatureBoxTitle" time="0.112" classname="org.uiframework.weathershoppertests.HomePageTests"/>
  <system-out/>
  <testcase name="UC08_verify_buySunScreens_isEnabled" time="0.062" classname="org.uiframework.weathershoppertests.HomePageTests"/>
  <system-out/>
  <testcase name="UC04_verify_moisturizersBoxDescription" time="0.080" classname="org.uiframework.weathershoppertests.HomePageTests"/>
  <system-out/>
  <testcase name="UC03_verify_moisturizersBoxTitle" time="0.163" classname="org.uiframework.weathershoppertests.HomePageTests"/>
  <system-out/>
  <testcase name="UC05_verify_buyMoisturizers_isEnabled" time="0.080" classname="org.uiframework.weathershoppertests.HomePageTests"/>
  <system-out/>
  <testcase name="UC07_verify_sunScreensBoxDescription" time="0.059" classname="org.uiframework.weathershoppertests.HomePageTests"/>
  <system-out/>
  <testcase name="UC06_verify_sunScreensBoxTitle" time="0.111" classname="org.uiframework.weathershoppertests.HomePageTests"/>
  <system-out/>
  <testcase name="UC02_verify_temperatureBox_isDisplayed" time="0.149" classname="org.uiframework.weathershoppertests.HomePageTests"/>
  <system-out/>
</testsuite> <!-- org.uiframework.weathershoppertests.HomePageTests -->
