<?xml version="1.0" encoding="UTF-8"?>
<!-- Generated by org.testng.reporters.JUnitReportReporter -->
<testsuite skipped="0" hostname="DESKTOP-5J36R0S" name="org.uiframework.weathershoppertests.MoisturizersTests" tests="3" failures="0" timestamp="2021-11-21T19:41:23 EET" time="12.082" errors="0">
  <testcase name="UC03_verify_productImagesNotBroken" time="9.325" classname="org.uiframework.weathershoppertests.MoisturizersTests"/>
  <system-out/>
  <testcase name="UC02_verify_cartButtonIsEnabled" time="0.172" classname="org.uiframework.weathershoppertests.MoisturizersTests"/>
  <system-out/>
  <testcase name="UC01_verify_pageTitle" time="2.585" classname="org.uiframework.weathershoppertests.MoisturizersTests"/>
  <system-out/>
</testsuite> <!-- org.uiframework.weathershoppertests.MoisturizersTests -->
